c:\users\usuario\documents\visual studio 2015\projects\sudoku_resolver\sudoku_resolver\debug\sudoku_resolver.pch
c:\users\usuario\documents\visual studio 2015\projects\sudoku_resolver\sudoku_resolver\debug\vc140.pdb
c:\users\usuario\documents\visual studio 2015\projects\sudoku_resolver\sudoku_resolver\debug\vc140.idb
c:\users\usuario\documents\visual studio 2015\projects\sudoku_resolver\sudoku_resolver\debug\stdafx.obj
c:\users\usuario\documents\visual studio 2015\projects\sudoku_resolver\sudoku_resolver\debug\vc142.pdb
c:\users\usuario\documents\visual studio 2015\projects\sudoku_resolver\sudoku_resolver\debug\vc142.idb
c:\users\usuario\documents\visual studio 2015\projects\sudoku_resolver\sudoku_resolver\debug\matriz.obj
c:\users\usuario\documents\visual studio 2015\projects\sudoku_resolver\sudoku_resolver\debug\sudoku_resolver.obj
c:\users\usuario\documents\visual studio 2015\projects\sudoku_resolver\sudoku_resolver\debug\suponer.obj
c:\users\usuario\documents\visual studio 2015\projects\sudoku_resolver\sudoku_resolver\debug\tipos.obj
c:\users\usuario\documents\visual studio 2015\projects\sudoku_resolver\debug\sudoku_resolver.exe
c:\users\usuario\documents\visual studio 2015\projects\sudoku_resolver\debug\sudoku_resolver.ilk
c:\users\usuario\documents\visual studio 2015\projects\sudoku_resolver\debug\sudoku_resolver.pdb
c:\users\usuario\documents\visual studio 2015\projects\sudoku_resolver\sudoku_resolver\debug\matriz.obj.enc
c:\users\usuario\documents\visual studio 2015\projects\sudoku_resolver\sudoku_resolver\debug\suponer.obj.enc
c:\users\usuario\documents\visual studio 2015\projects\sudoku_resolver\sudoku_resolver\debug\tipos.obj.enc
c:\users\usuario\documents\visual studio 2015\projects\sudoku_resolver\sudoku_resolver\debug\sudoku_resolver.tlog\cl.command.1.tlog
c:\users\usuario\documents\visual studio 2015\projects\sudoku_resolver\sudoku_resolver\debug\sudoku_resolver.tlog\cl.read.1.tlog
c:\users\usuario\documents\visual studio 2015\projects\sudoku_resolver\sudoku_resolver\debug\sudoku_resolver.tlog\cl.write.1.tlog
c:\users\usuario\documents\visual studio 2015\projects\sudoku_resolver\sudoku_resolver\debug\sudoku_resolver.tlog\link.command.1.tlog
c:\users\usuario\documents\visual studio 2015\projects\sudoku_resolver\sudoku_resolver\debug\sudoku_resolver.tlog\link.delete.1.tlog
c:\users\usuario\documents\visual studio 2015\projects\sudoku_resolver\sudoku_resolver\debug\sudoku_resolver.tlog\link.read.1.tlog
c:\users\usuario\documents\visual studio 2015\projects\sudoku_resolver\sudoku_resolver\debug\sudoku_resolver.tlog\link.write.1.tlog
